<?xml version="1.0" encoding="UTF-8"?>
<!-- Generated by org.testng.reporters.JUnitReportReporter -->
<testsuite hostname="DESKTOP-1J07LNA" failures="0" tests="5" name="com.crm.qa.testcases.ContactsPageTest" time="17.257" errors="1" timestamp="04 Mar 2024 19:11:12 GMT" skipped="4">
  <testcase classname="com.crm.qa.testcases.ContactsPageTest" name="setUp" time="17.257">
    <error message="disconnected: received Inspector.detached event
  (failed to check if window was closed: disconnected: not connected to DevTools)
  (Session info: chrome=122.0.6261.95)
Build info: version: &#039;3.14.0&#039;, revision: &#039;aacccce0&#039;, time: &#039;2018-08-02T20:19:58.91Z&#039;
System info: host: &#039;DESKTOP-1J07LNA&#039;, ip: &#039;192.168.57.175&#039;, os.name: &#039;Windows 10&#039;, os.arch: &#039;amd64&#039;, os.version: &#039;10.0&#039;, java.version: &#039;17.0.3&#039;
Driver info: driver.version: ChromeDriver
remote stacktrace: 	GetHandleVerifier [0x00007FF6EE464C82+3505170]
	(No symbol) [0x00007FF6EE090852]
	(No symbol) [0x00007FF6EDF44145]
	(No symbol) [0x00007FF6EDF3379C]
	(No symbol) [0x00007FF6EDF32D19]
	(No symbol) [0x00007FF6EDF31EF4]
	(No symbol) [0x00007FF6EDF31E11]
	(No symbol) [0x00007FF6EDF30625]
	(No symbol) [0x00007FF6EDF30EDC]
	(No symbol) [0x00007FF6EDF2F896]
	(No symbol) [0x00007FF6EDF36872]
	(No symbol) [0x00007FF6EDF2F605]
	(No symbol) [0x00007FF6EDF31A1A]
	(No symbol) [0x00007FF6EDF30625]
	(No symbol) [0x00007FF6EDF30EDC]
	(No symbol) [0x00007FF6EDF2F896]
	(No symbol) [0x00007FF6EDF273D2]
	(No symbol) [0x00007FF6EDF2F605]
	(No symbol) [0x00007FF6EDF2ECE8]
	(No symbol) [0x00007FF6EDF2E8DD]
	(No symbol) [0x00007FF6EDF46201]
	(No symbol) [0x00007FF6EDF2142A]
	(No symbol) [0x00007FF6EDF20EE0]
	(No symbol) [0x00007FF6EDFB5CCE]
	(No symbol) [0x00007FF6EDFB56C0]
	(No symbol) [0x00007FF6EDFABC33]
	(No symbol) [0x00007FF6EDF7D618]
	(No symbol) [0x00007FF6EDF7E6B1]
	GetHandleVerifier [0x00007FF6EE4967DD+3708781]
	GetHandleVerifier [0x00007FF6EE4EFC5D+4074477]
	GetHandleVerifier [0x00007FF6EE4E7DDF+4042095]
	GetHandleVerifier [0x00007FF6EE1BA136+708806]
	(No symbol) [0x00007FF6EE09CB0F]
	(No symbol) [0x00007FF6EE097D14]
	(No symbol) [0x00007FF6EE097E6C]
	(No symbol) [0x00007FF6EE0879A4]
	BaseThreadInitThunk [0x00007FFE80EF7344+20]
	RtlUserThreadStart [0x00007FFE816A26B1+33]
" type="org.openqa.selenium.WebDriverException">
      <![CDATA[org.openqa.selenium.WebDriverException: disconnected: received Inspector.detached event
  (failed to check if window was closed: disconnected: not connected to DevTools)
  (Session info: chrome=122.0.6261.95)
Build info: version: '3.14.0', revision: 'aacccce0', time: '2018-08-02T20:19:58.91Z'
System info: host: 'DESKTOP-1J07LNA', ip: '192.168.57.175', os.name: 'Windows 10', os.arch: 'amd64', os.version: '10.0', java.version: '17.0.3'
Driver info: driver.version: ChromeDriver
remote stacktrace: 	GetHandleVerifier [0x00007FF6EE464C82+3505170]
	(No symbol) [0x00007FF6EE090852]
	(No symbol) [0x00007FF6EDF44145]
	(No symbol) [0x00007FF6EDF3379C]
	(No symbol) [0x00007FF6EDF32D19]
	(No symbol) [0x00007FF6EDF31EF4]
	(No symbol) [0x00007FF6EDF31E11]
	(No symbol) [0x00007FF6EDF30625]
	(No symbol) [0x00007FF6EDF30EDC]
	(No symbol) [0x00007FF6EDF2F896]
	(No symbol) [0x00007FF6EDF36872]
	(No symbol) [0x00007FF6EDF2F605]
	(No symbol) [0x00007FF6EDF31A1A]
	(No symbol) [0x00007FF6EDF30625]
	(No symbol) [0x00007FF6EDF30EDC]
	(No symbol) [0x00007FF6EDF2F896]
	(No symbol) [0x00007FF6EDF273D2]
	(No symbol) [0x00007FF6EDF2F605]
	(No symbol) [0x00007FF6EDF2ECE8]
	(No symbol) [0x00007FF6EDF2E8DD]
	(No symbol) [0x00007FF6EDF46201]
	(No symbol) [0x00007FF6EDF2142A]
	(No symbol) [0x00007FF6EDF20EE0]
	(No symbol) [0x00007FF6EDFB5CCE]
	(No symbol) [0x00007FF6EDFB56C0]
	(No symbol) [0x00007FF6EDFABC33]
	(No symbol) [0x00007FF6EDF7D618]
	(No symbol) [0x00007FF6EDF7E6B1]
	GetHandleVerifier [0x00007FF6EE4967DD+3708781]
	GetHandleVerifier [0x00007FF6EE4EFC5D+4074477]
	GetHandleVerifier [0x00007FF6EE4E7DDF+4042095]
	GetHandleVerifier [0x00007FF6EE1BA136+708806]
	(No symbol) [0x00007FF6EE09CB0F]
	(No symbol) [0x00007FF6EE097D14]
	(No symbol) [0x00007FF6EE097E6C]
	(No symbol) [0x00007FF6EE0879A4]
	BaseThreadInitThunk [0x00007FFE80EF7344+20]
	RtlUserThreadStart [0x00007FFE816A26B1+33]

	at java.base/jdk.internal.reflect.NativeConstructorAccessorImpl.newInstance0(Native Method)
	at java.base/jdk.internal.reflect.NativeConstructorAccessorImpl.newInstance(NativeConstructorAccessorImpl.java:77)
	at java.base/jdk.internal.reflect.DelegatingConstructorAccessorImpl.newInstance(DelegatingConstructorAccessorImpl.java:45)
	at java.base/java.lang.reflect.Constructor.newInstanceWithCaller(Constructor.java:499)
	at java.base/java.lang.reflect.Constructor.newInstance(Constructor.java:480)
	at org.openqa.selenium.remote.W3CHandshakeResponse.lambda$new$0(W3CHandshakeResponse.java:57)
	at org.openqa.selenium.remote.W3CHandshakeResponse.lambda$getResponseFunction$2(W3CHandshakeResponse.java:104)
	at org.openqa.selenium.remote.ProtocolHandshake.lambda$createSession$0(ProtocolHandshake.java:122)
	at java.base/java.util.stream.ReferencePipeline$3$1.accept(ReferencePipeline.java:197)
	at java.base/java.util.Spliterators$ArraySpliterator.tryAdvance(Spliterators.java:1002)
	at java.base/java.util.stream.ReferencePipeline.forEachWithCancel(ReferencePipeline.java:129)
	at java.base/java.util.stream.AbstractPipeline.copyIntoWithCancel(AbstractPipeline.java:527)
	at java.base/java.util.stream.AbstractPipeline.copyInto(AbstractPipeline.java:513)
	at java.base/java.util.stream.AbstractPipeline.wrapAndCopyInto(AbstractPipeline.java:499)
	at java.base/java.util.stream.FindOps$FindOp.evaluateSequential(FindOps.java:150)
	at java.base/java.util.stream.AbstractPipeline.evaluate(AbstractPipeline.java:234)
	at java.base/java.util.stream.ReferencePipeline.findFirst(ReferencePipeline.java:647)
	at org.openqa.selenium.remote.ProtocolHandshake.createSession(ProtocolHandshake.java:125)
	at org.openqa.selenium.remote.ProtocolHandshake.createSession(ProtocolHandshake.java:73)
	at org.openqa.selenium.remote.HttpCommandExecutor.execute(HttpCommandExecutor.java:136)
	at org.openqa.selenium.remote.service.DriverCommandExecutor.execute(DriverCommandExecutor.java:83)
	at org.openqa.selenium.remote.RemoteWebDriver.execute(RemoteWebDriver.java:548)
	at org.openqa.selenium.remote.RemoteWebDriver.startSession(RemoteWebDriver.java:212)
	at org.openqa.selenium.remote.RemoteWebDriver.<init>(RemoteWebDriver.java:130)
	at org.openqa.selenium.chrome.ChromeDriver.<init>(ChromeDriver.java:181)
	at org.openqa.selenium.chrome.ChromeDriver.<init>(ChromeDriver.java:168)
	at org.openqa.selenium.chrome.ChromeDriver.<init>(ChromeDriver.java:123)
	at com.crm.qa.base.TestBase.initialization(TestBase.java:45)
	at com.crm.qa.testcases.ContactsPageTest.setUp(ContactsPageTest.java:47)
	at java.base/jdk.internal.reflect.NativeMethodAccessorImpl.invoke0(Native Method)
	at java.base/jdk.internal.reflect.NativeMethodAccessorImpl.invoke(NativeMethodAccessorImpl.java:77)
	at java.base/jdk.internal.reflect.DelegatingMethodAccessorImpl.invoke(DelegatingMethodAccessorImpl.java:43)
	at java.base/java.lang.reflect.Method.invoke(Method.java:568)
	at org.testng.internal.MethodInvocationHelper.invokeMethod(MethodInvocationHelper.java:108)
	at org.testng.internal.Invoker.invokeConfigurationMethod(Invoker.java:523)
	at org.testng.internal.Invoker.invokeConfigurations(Invoker.java:224)
	at org.testng.internal.Invoker.invokeMethod(Invoker.java:599)
	at org.testng.internal.Invoker.invokeTestMethod(Invoker.java:869)
	at org.testng.internal.Invoker.invokeTestMethods(Invoker.java:1193)
	at org.testng.internal.TestMethodWorker.invokeTestMethods(TestMethodWorker.java:126)
	at org.testng.internal.TestMethodWorker.run(TestMethodWorker.java:109)
	at org.testng.TestRunner.privateRun(TestRunner.java:744)
	at org.testng.TestRunner.run(TestRunner.java:602)
	at org.testng.SuiteRunner.runTest(SuiteRunner.java:380)
	at org.testng.SuiteRunner.runSequentially(SuiteRunner.java:375)
	at org.testng.SuiteRunner.privateRun(SuiteRunner.java:340)
	at org.testng.SuiteRunner.run(SuiteRunner.java:289)
	at org.testng.SuiteRunnerWorker.runSuite(SuiteRunnerWorker.java:52)
	at org.testng.SuiteRunnerWorker.run(SuiteRunnerWorker.java:86)
	at org.testng.TestNG.runSuitesSequentially(TestNG.java:1301)
	at org.testng.TestNG.runSuitesLocally(TestNG.java:1226)
	at org.testng.TestNG.runSuites(TestNG.java:1144)
	at org.testng.TestNG.run(TestNG.java:1115)
	at org.testng.remote.AbstractRemoteTestNG.run(AbstractRemoteTestNG.java:115)
	at org.testng.remote.RemoteTestNG.initAndRun(RemoteTestNG.java:251)
	at org.testng.remote.RemoteTestNG.main(RemoteTestNG.java:77)
]]>
    </error>
  </testcase> <!-- setUp -->
  <testcase classname="com.crm.qa.testcases.ContactsPageTest" name="verifyContactsPageLabel" time="0.000">
    <skipped/>
  </testcase> <!-- verifyContactsPageLabel -->
  <testcase classname="com.crm.qa.testcases.ContactsPageTest" name="selectSingleContactsTest" time="0.000">
    <skipped/>
  </testcase> <!-- selectSingleContactsTest -->
  <testcase classname="com.crm.qa.testcases.ContactsPageTest" name="selectMultipleContactsTest" time="0.000">
    <skipped/>
  </testcase> <!-- selectMultipleContactsTest -->
  <testcase classname="com.crm.qa.testcases.ContactsPageTest" name="validateCreateNewContact" time="0.000">
    <skipped/>
  </testcase> <!-- validateCreateNewContact -->
</testsuite> <!-- com.crm.qa.testcases.ContactsPageTest -->
